#
# A fatal error has been detected by the Java Runtime Environment:
#
#  EXCEPTION_ACCESS_VIOLATION (0xc0000005) at pc=0x0000000051c38f45, pid=37800, tid=15408
#
# JRE version: Java(TM) SE Runtime Environment (8.0_91-b15) (build 1.8.0_91-b15)
# Java VM: Java HotSpot(TM) 64-Bit Server VM (25.91-b15 mixed mode windows-amd64 compressed oops)
# Problematic frame:
# V  [jvm.dll+0x128f45]
#
# Failed to write core dump. Minidumps are not enabled by default on client versions of Windows
#
# If you would like to submit a bug report, please visit:
#   http://bugreport.java.com/bugreport/crash.jsp
#

---------------  T H R E A D  ---------------

Current thread (0x000000001e660000):  JavaThread "JDWP Transport Listener: dt_socket" daemon [_thread_in_vm, id=15408, stack(0x000000001ecc0000,0x000000001edc0000)]

siginfo: ExceptionCode=0xc0000005, reading address 0xffffffffffffffff

Registers:
RAX=0x000000001edbf601, RBX=0x000000001e660000, RCX=0x003b7265746e756f, RDX=0x0000000000000000
RSP=0x000000001edbf670, RBP=0x003b7265746e756f, RSI=0x000000001edbf788, RDI=0x000000000285eba0
R8 =0x000000001e660000, R9 =0x0000000000008000, R10=0x0000000000000000, R11=0x00000000211c67c9
R12=0x0000000000000000, R13=0x000000001e601878, R14=0x0000000000000000, R15=0x0000000000000000
RIP=0x0000000051c38f45, EFLAGS=0x0000000000010206

Top of Stack: (sp=0x000000001edbf670)
0x000000001edbf670:   000000001e660000 000000001e660000
0x000000001edbf680:   000000001edbf738 0000000051e3f32b
0x000000001edbf690:   000000001e660000 0000000051e5bb8d
0x000000001edbf6a0:   0000000000000000 00000000539c9155
0x000000001edbf6b0:   00000000213d2560 00000000539d291e
0x000000001edbf6c0:   000000001e660000 0000000000000000
0x000000001edbf6d0:   0000000000000000 0000000000000000
0x000000001edbf6e0:   003b7265746e756f 00000000539d1a15
0x000000001edbf6f0:   000000001edbf788 000000001edbf760
0x000000001edbf700:   0000000000000001 00000000213d2560
0x000000001edbf710:   003b7265746e756f 00000000539b53b3
0x000000001edbf720:   000000001edbf850 0000000000000001
0x000000001edbf730:   0000000000000001 00000000213d2560
0x000000001edbf740:   00000000f000100a 0000000000000000
0x000000001edbf750:   0000000000000000 0000000000000000
0x000000001edbf760:   0000000000000001 00000000539b5571 

Instructions: (pc=0x0000000051c38f45)
0x0000000051c38f25:   cc cc cc cc cc cc cc cc cc cc cc 48 83 ec 28 48
0x0000000051c38f35:   85 c9 75 07 33 c0 48 83 c4 28 c3 48 89 5c 24 20
0x0000000051c38f45:   48 8b 19 48 85 db 74 20 48 83 fb 37 74 1a 48 8b
0x0000000051c38f55:   13 48 8b cb ff 52 10 84 c0 74 0d 48 8b c3 48 8b 


Register to memory mapping:

RAX=0x000000001edbf601 is pointing into the stack for thread: 0x000000001e660000
RBX=0x000000001e660000 is a thread
RCX=0x003b7265746e756f is an unknown value
RDX=0x0000000000000000 is an unknown value
RSP=0x000000001edbf670 is pointing into the stack for thread: 0x000000001e660000
RBP=0x003b7265746e756f is an unknown value
RSI=0x000000001edbf788 is pointing into the stack for thread: 0x000000001e660000
RDI=0x000000000285eba0 is an unknown value
R8 =0x000000001e660000 is a thread
R9 =0x0000000000008000 is an unknown value
R10=0x0000000000000000 is an unknown value
R11=0x00000000211c67c9 is an unknown value
R12=0x0000000000000000 is an unknown value
R13=0x000000001e601878 is an unknown value
R14=0x0000000000000000 is an unknown value
R15=0x0000000000000000 is an unknown value


Stack: [0x000000001ecc0000,0x000000001edc0000],  sp=0x000000001edbf670,  free space=1021k
Native frames: (J=compiled Java code, j=interpreted, Vv=VM code, C=native code)
V  [jvm.dll+0x128f45]
V  [jvm.dll+0x34bb8d]
C  [jdwp.dll+0x21a15]
C  [jdwp.dll+0x53b3]
C  [jdwp.dll+0x5571]
C  [jdwp.dll+0xf0a8]
C  [jdwp.dll+0x1f2d5]
C  [jdwp.dll+0x1f4aa]
V  [jvm.dll+0x1bbf38]
V  [jvm.dll+0x243ae4]
V  [jvm.dll+0x29a99a]
C  [msvcr100.dll+0x21d9f]
C  [msvcr100.dll+0x21e3b]
C  [KERNEL32.DLL+0x13034]
C  [ntdll.dll+0x71461]


---------------  P R O C E S S  ---------------

Java Threads: ( => current thread )
  0x00000000216cb800 JavaThread "DestroyJavaVM" [_thread_blocked, id=18572, stack(0x0000000002d20000,0x0000000002e20000)]
  0x00000000216c6800 JavaThread "server" [_thread_blocked, id=26188, stack(0x0000000023540000,0x0000000023640000)]
  0x00000000216c8000 JavaThread "parallel-1" daemon [_thread_blocked, id=20336, stack(0x0000000023140000,0x0000000023240000)]
  0x00000000216c5800 JavaThread "spring.cloud.inetutils" daemon [_thread_blocked, id=38124, stack(0x0000000023040000,0x0000000023140000)]
  0x00000000216c8800 JavaThread "reactor-http-nio-8" daemon [_thread_in_native, id=29816, stack(0x0000000022d40000,0x0000000022e40000)]
  0x00000000216cc800 JavaThread "reactor-http-nio-7" daemon [_thread_in_native, id=29740, stack(0x0000000022c40000,0x0000000022d40000)]
  0x00000000216c3000 JavaThread "reactor-http-nio-6" daemon [_thread_in_native, id=21908, stack(0x0000000022b40000,0x0000000022c40000)]
  0x00000000213a3000 JavaThread "reactor-http-nio-5" daemon [_thread_in_native, id=32268, stack(0x0000000022a40000,0x0000000022b40000)]
  0x00000000213a2000 JavaThread "reactor-http-nio-4" daemon [_thread_in_native, id=11680, stack(0x0000000022940000,0x0000000022a40000)]
  0x00000000213a1800 JavaThread "reactor-http-nio-3" daemon [_thread_in_native, id=32012, stack(0x0000000022840000,0x0000000022940000)]
  0x00000000216ba000 JavaThread "reactor-http-nio-2" daemon [_thread_in_native, id=33424, stack(0x0000000022740000,0x0000000022840000)]
  0x000000002161c800 JavaThread "reactor-http-nio-1" daemon [_thread_in_native, id=31412, stack(0x0000000022640000,0x0000000022740000)]
  0x000000001f69d000 JavaThread "RMI TCP Accept-0" daemon [_thread_in_native, id=32804, stack(0x000000001fec0000,0x000000001ffc0000)]
  0x000000001f68e800 JavaThread "RMI TCP Accept-60944" daemon [_thread_in_native, id=3788, stack(0x000000001fdc0000,0x000000001fec0000)]
  0x000000001f61f000 JavaThread "RMI TCP Accept-0" daemon [_thread_in_native, id=27340, stack(0x000000001fcc0000,0x000000001fdc0000)]
  0x000000001e708000 JavaThread "Service Thread" daemon [_thread_blocked, id=32784, stack(0x000000001f3c0000,0x000000001f4c0000)]
  0x000000001e68d800 JavaThread "C1 CompilerThread3" daemon [_thread_blocked, id=22460, stack(0x000000001f2c0000,0x000000001f3c0000)]
  0x000000001e68c000 JavaThread "C2 CompilerThread2" daemon [_thread_blocked, id=33496, stack(0x000000001f1c0000,0x000000001f2c0000)]
  0x000000001e68a000 JavaThread "C2 CompilerThread1" daemon [_thread_blocked, id=36700, stack(0x000000001f0c0000,0x000000001f1c0000)]
  0x000000001e67f800 JavaThread "C2 CompilerThread0" daemon [_thread_blocked, id=20596, stack(0x000000001efc0000,0x000000001f0c0000)]
  0x000000001e66f000 JavaThread "JDWP Command Reader" daemon [_thread_in_native, id=13912, stack(0x000000001eec0000,0x000000001efc0000)]
  0x000000001e66c000 JavaThread "JDWP Event Helper Thread" daemon [_thread_blocked, id=19592, stack(0x000000001edc0000,0x000000001eec0000)]
=>0x000000001e660000 JavaThread "JDWP Transport Listener: dt_socket" daemon [_thread_in_vm, id=15408, stack(0x000000001ecc0000,0x000000001edc0000)]
  0x000000001e64e000 JavaThread "Attach Listener" daemon [_thread_blocked, id=36964, stack(0x000000001ebc0000,0x000000001ecc0000)]
  0x000000001e64d800 JavaThread "Signal Dispatcher" daemon [_thread_blocked, id=15384, stack(0x000000001eac0000,0x000000001ebc0000)]
  0x0000000002f1d800 JavaThread "Finalizer" daemon [_thread_blocked, id=4888, stack(0x000000001e9c0000,0x000000001eac0000)]
  0x000000001c6ed800 JavaThread "Reference Handler" daemon [_thread_blocked, id=26820, stack(0x000000001e4c0000,0x000000001e5c0000)]

Other Threads:
  0x000000001c6e9800 VMThread [stack: 0x000000001e3c0000,0x000000001e4c0000] [id=31436]
  0x000000001f6a0000 WatcherThread [stack: 0x000000001ffc0000,0x00000000200c0000] [id=37224]

VM state:not at safepoint (normal execution)

VM Mutex/Monitor currently owned by a thread: None

Heap:
 PSYoungGen      total 72192K, used 32105K [0x000000076c980000, 0x0000000772280000, 0x00000007c0000000)
  eden space 60416K, 53% used [0x000000076c980000,0x000000076e8da580,0x0000000770480000)
  from space 11776K, 0% used [0x0000000770580000,0x0000000770580000,0x0000000771100000)
  to   space 15360K, 0% used [0x0000000771380000,0x0000000771380000,0x0000000772280000)
 ParOldGen       total 79360K, used 16164K [0x00000006c5c00000, 0x00000006ca980000, 0x000000076c980000)
  object space 79360K, 20% used [0x00000006c5c00000,0x00000006c6bc9108,0x00000006ca980000)
 Metaspace       used 36715K, capacity 38612K, committed 38744K, reserved 1083392K
  class space    used 5029K, capacity 5416K, committed 5464K, reserved 1048576K

Card table byte_map: [0x00000000122e0000,0x0000000012ac0000] byte_map_base: 0x000000000ecb2000

Marking Bits: (ParMarkBitMap*) 0x0000000052322f70
 Begin Bits: [0x0000000013800000, 0x0000000017690000)
 End Bits:   [0x0000000017690000, 0x000000001b520000)

Polling page: 0x00000000027a0000

CodeCache: size=245760Kb used=9402Kb max_used=9402Kb free=236357Kb
 bounds [0x0000000002f20000, 0x0000000003860000, 0x0000000011f20000]
 total_blobs=5323 nmethods=4846 adapters=397
 compilation: enabled

Compilation events (10 events):
Event: 246.729 Thread 0x000000001e68d800 4916   !   1       sun.nio.ch.IOUtil::write (509 bytes)
Event: 246.731 Thread 0x000000001e68d800 nmethod 4916 0x000000000384c290 code [0x000000000384c520, 0x000000000384d178]
Event: 256.729 Thread 0x000000001e68d800 4917       1       io.netty.channel.socket.nio.NioSocketChannel::isInputShutdown0 (5 bytes)
Event: 256.730 Thread 0x000000001e68d800 nmethod 4917 0x000000000384f450 code [0x000000000384f5e0, 0x000000000384f848]
Event: 256.730 Thread 0x000000001e68d800 4918       1       io.netty.channel.socket.nio.NioSocketChannel::isInputShutdown (26 bytes)
Event: 256.731 Thread 0x000000001e68d800 nmethod 4918 0x000000000384fa10 code [0x000000000384fba0, 0x000000000384fe08]
Event: 256.731 Thread 0x000000001e68d800 4919       1       sun.nio.ch.SocketAdaptor::isInputShutdown (16 bytes)
Event: 256.731 Thread 0x000000001e68d800 nmethod 4919 0x000000000384ff90 code [0x0000000003850100, 0x00000000038503d0]
Event: 256.731 Thread 0x000000001e68d800 4920   !   1       sun.nio.ch.SocketChannelImpl::isInputOpen (19 bytes)
Event: 256.731 Thread 0x000000001e68d800 nmethod 4920 0x0000000003850510 code [0x0000000003850680, 0x0000000003850930]

GC Heap History (10 events):
Event: 21.669 GC heap before
{Heap before GC invocations=5 (full 1):
 PSYoungGen      total 75264K, used 70258K [0x000000076c980000, 0x0000000771d80000, 0x00000007c0000000)
  eden space 64512K, 100% used [0x000000076c980000,0x0000000770880000,0x0000000770880000)
  from space 10752K, 53% used [0x0000000770880000,0x0000000770e1cab0,0x0000000771300000)
  to   space 10752K, 0% used [0x0000000771300000,0x0000000771300000,0x0000000771d80000)
 ParOldGen       total 74752K, used 10200K [0x00000006c5c00000, 0x00000006ca500000, 0x000000076c980000)
  object space 74752K, 13% used [0x00000006c5c00000,0x00000006c65f60c8,0x00000006ca500000)
 Metaspace       used 27575K, capacity 28716K, committed 28928K, reserved 1075200K
  class space    used 3706K, capacity 3972K, committed 4096K, reserved 1048576K
Event: 21.677 GC heap after
Heap after GC invocations=5 (full 1):
 PSYoungGen      total 75264K, used 10547K [0x000000076c980000, 0x0000000771d80000, 0x00000007c0000000)
  eden space 64512K, 0% used [0x000000076c980000,0x000000076c980000,0x0000000770880000)
  from space 10752K, 98% used [0x0000000771300000,0x0000000771d4cd90,0x0000000771d80000)
  to   space 10752K, 0% used [0x0000000770880000,0x0000000770880000,0x0000000771300000)
 ParOldGen       total 74752K, used 10208K [0x00000006c5c00000, 0x00000006ca500000, 0x000000076c980000)
  object space 74752K, 13% used [0x00000006c5c00000,0x00000006c65f80c8,0x00000006ca500000)
 Metaspace       used 27575K, capacity 28716K, committed 28928K, reserved 1075200K
  class space    used 3706K, capacity 3972K, committed 4096K, reserved 1048576K
}
Event: 22.293 GC heap before
{Heap before GC invocations=6 (full 1):
 PSYoungGen      total 75264K, used 75059K [0x000000076c980000, 0x0000000771d80000, 0x00000007c0000000)
  eden space 64512K, 100% used [0x000000076c980000,0x0000000770880000,0x0000000770880000)
  from space 10752K, 98% used [0x0000000771300000,0x0000000771d4cd90,0x0000000771d80000)
  to   space 10752K, 0% used [0x0000000770880000,0x0000000770880000,0x0000000771300000)
 ParOldGen       total 74752K, used 10208K [0x00000006c5c00000, 0x00000006ca500000, 0x000000076c980000)
  object space 74752K, 13% used [0x00000006c5c00000,0x00000006c65f80c8,0x00000006ca500000)
 Metaspace       used 29804K, capacity 31058K, committed 31232K, reserved 1077248K
  class space    used 4041K, capacity 4325K, committed 4352K, reserved 1048576K
Event: 22.302 GC heap after
Heap after GC invocations=6 (full 1):
 PSYoungGen      total 73728K, used 10724K [0x000000076c980000, 0x0000000772200000, 0x00000007c0000000)
  eden space 62976K, 0% used [0x000000076c980000,0x000000076c980000,0x0000000770700000)
  from space 10752K, 99% used [0x0000000770880000,0x00000007712f9030,0x0000000771300000)
  to   space 13824K, 0% used [0x0000000771480000,0x0000000771480000,0x0000000772200000)
 ParOldGen       total 74752K, used 10385K [0x00000006c5c00000, 0x00000006ca500000, 0x000000076c980000)
  object space 74752K, 13% used [0x00000006c5c00000,0x00000006c6624640,0x00000006ca500000)
 Metaspace       used 29804K, capacity 31058K, committed 31232K, reserved 1077248K
  class space    used 4041K, capacity 4325K, committed 4352K, reserved 1048576K
}
Event: 29.977 GC heap before
{Heap before GC invocations=7 (full 1):
 PSYoungGen      total 73728K, used 73700K [0x000000076c980000, 0x0000000772200000, 0x00000007c0000000)
  eden space 62976K, 100% used [0x000000076c980000,0x0000000770700000,0x0000000770700000)
  from space 10752K, 99% used [0x0000000770880000,0x00000007712f9030,0x0000000771300000)
  to   space 13824K, 0% used [0x0000000771480000,0x0000000771480000,0x0000000772200000)
 ParOldGen       total 74752K, used 10385K [0x00000006c5c00000, 0x00000006ca500000, 0x000000076c980000)
  object space 74752K, 13% used [0x00000006c5c00000,0x00000006c6624640,0x00000006ca500000)
 Metaspace       used 31113K, capacity 32546K, committed 32768K, reserved 1077248K
  class space    used 4227K, capacity 4545K, committed 4608K, reserved 1048576K
Event: 29.986 GC heap after
Heap after GC invocations=7 (full 1):
 PSYoungGen      total 75264K, used 13118K [0x000000076c980000, 0x0000000772380000, 0x00000007c0000000)
  eden space 61440K, 0% used [0x000000076c980000,0x000000076c980000,0x0000000770580000)
  from space 13824K, 94% used [0x0000000771480000,0x000000077214fa58,0x0000000772200000)
  to   space 15360K, 0% used [0x0000000770580000,0x0000000770580000,0x0000000771480000)
 ParOldGen       total 74752K, used 10393K [0x00000006c5c00000, 0x00000006ca500000, 0x000000076c980000)
  object space 74752K, 13% used [0x00000006c5c00000,0x00000006c6626640,0x00000006ca500000)
 Metaspace       used 31113K, capacity 32546K, committed 32768K, reserved 1077248K
  class space    used 4227K, capacity 4545K, committed 4608K, reserved 1048576K
}
Event: 50.059 GC heap before
{Heap before GC invocations=8 (full 1):
 PSYoungGen      total 75264K, used 40340K [0x000000076c980000, 0x0000000772380000, 0x00000007c0000000)
  eden space 61440K, 44% used [0x000000076c980000,0x000000076e415950,0x0000000770580000)
  from space 13824K, 94% used [0x0000000771480000,0x000000077214fa58,0x0000000772200000)
  to   space 15360K, 0% used [0x0000000770580000,0x0000000770580000,0x0000000771480000)
 ParOldGen       total 74752K, used 10393K [0x00000006c5c00000, 0x00000006ca500000, 0x000000076c980000)
  object space 74752K, 13% used [0x00000006c5c00000,0x00000006c6626640,0x00000006ca500000)
 Metaspace       used 33870K, capacity 35286K, committed 35416K, reserved 1079296K
  class space    used 4578K, capacity 4897K, committed 4952K, reserved 1048576K
Event: 50.067 GC heap after
Heap after GC invocations=8 (full 1):
 PSYoungGen      total 72192K, used 11314K [0x000000076c980000, 0x0000000772280000, 0x00000007c0000000)
  eden space 60416K, 0% used [0x000000076c980000,0x000000076c980000,0x0000000770480000)
  from space 11776K, 96% used [0x0000000770580000,0x000000077108c978,0x0000000771100000)
  to   space 15360K, 0% used [0x0000000771380000,0x0000000771380000,0x0000000772280000)
 ParOldGen       total 74752K, used 10401K [0x00000006c5c00000, 0x00000006ca500000, 0x000000076c980000)
  object space 74752K, 13% used [0x00000006c5c00000,0x00000006c6628640,0x00000006ca500000)
 Metaspace       used 33870K, capacity 35286K, committed 35416K, reserved 1079296K
  class space    used 4578K, capacity 4897K, committed 4952K, reserved 1048576K
}
Event: 50.067 GC heap before
{Heap before GC invocations=9 (full 2):
 PSYoungGen      total 72192K, used 11314K [0x000000076c980000, 0x0000000772280000, 0x00000007c0000000)
  eden space 60416K, 0% used [0x000000076c980000,0x000000076c980000,0x0000000770480000)
  from space 11776K, 96% used [0x0000000770580000,0x000000077108c978,0x0000000771100000)
  to   space 15360K, 0% used [0x0000000771380000,0x0000000771380000,0x0000000772280000)
 ParOldGen       total 74752K, used 10401K [0x00000006c5c00000, 0x00000006ca500000, 0x000000076c980000)
  object space 74752K, 13% used [0x00000006c5c00000,0x00000006c6628640,0x00000006ca500000)
 Metaspace       used 33870K, capacity 35286K, committed 35416K, reserved 1079296K
  class space    used 4578K, capacity 4897K, committed 4952K, reserved 1048576K
Event: 50.116 GC heap after
Heap after GC invocations=9 (full 2):
 PSYoungGen      total 72192K, used 0K [0x000000076c980000, 0x0000000772280000, 0x00000007c0000000)
  eden space 60416K, 0% used [0x000000076c980000,0x000000076c980000,0x0000000770480000)
  from space 11776K, 0% used [0x0000000770580000,0x0000000770580000,0x0000000771100000)
  to   space 15360K, 0% used [0x0000000771380000,0x0000000771380000,0x0000000772280000)
 ParOldGen       total 79360K, used 16164K [0x00000006c5c00000, 0x00000006ca980000, 0x000000076c980000)
  object space 79360K, 20% used [0x00000006c5c00000,0x00000006c6bc9108,0x00000006ca980000)
 Metaspace       used 33870K, capacity 35286K, committed 35416K, reserved 1079296K
  class space    used 4578K, capacity 4897K, committed 4952K, reserved 1048576K
}

Deoptimization events (0 events):
No events

Internal exceptions (10 events):
Event: 50.332 Thread 0x00000000216ba000 Exception <a 'java/lang/NoSuchMethodError': java.lang.Object.lambda$filter$1(Lorg/springframework/web/server/ServerWebExchange;Lorg/springframework/http/HttpHeaders;Lorg/springframework/cloud/gateway/filter/headers/HttpHeadersFilter;)Lorg/springframework/hUdáü*I@
Event: 50.333 Thread 0x00000000216ba000 Exception <a 'java/lang/NoSuchMethodError': java.lang.Object.lambda$filter$2(Lorg/springframework/http/HttpHeaders;Lorg/springframework/http/HttpHeaders;)Lorg/springframework/http/HttpHeaders;> (0x000000076d481c28) thrown at [C:\re\workspace\8-2-build-wind·≤Ø·é/I@
Event: 50.372 Thread 0x00000000213a1800 Exception <a 'java/lang/IncompatibleClassChangeError': Found class java.lang.Object, but interface was expected> (0x000000076d62b7f8) thrown at [C:\re\workspace\8-2-build-windows-amd64-cygwin\jdk8u91\7017\hotspot\src\share\vm\interpreter\linkResolver.cpp, çy&5I@
Event: 50.415 Thread 0x00000000213a1800 Exception <a 'java/lang/IncompatibleClassChangeError': Found class java.lang.Object, but interface was expected> (0x000000076d8580c0) thrown at [C:\re\workspace\8-2-build-windows-amd64-cygwin\jdk8u91\7017\hotspot\src\share\vm\interpreter\linkResolver.cpp, ƒ¸&*c@
Event: 153.316 Thread 0x00000000216ba000 Exception <a 'java/io/IOException'> (0x000000076de6bc10) thrown at [C:\re\workspace\8-2-build-windows-amd64-cygwin\jdk8u91\7017\hotspot\src\share\vm\prims\jni.cpp, line 709]
Event: 155.916 Thread 0x00000000216cc800 Exception <a 'java/io/IOException'> (0x000000076dea44e0) thrown at [C:\re\workspace\8-2-build-windows-amd64-cygwin\jdk8u91\7017\hotspot\src\share\vm\prims\jni.cpp, line 709]
Event: 155.953 Thread 0x00000000216cc800 Exception <a 'java/lang/ArrayIndexOutOfBoundsException'> (0x000000076e290f30) thrown at [C:\re\workspace\8-2-build-windows-amd64-cygwin\jdk8u91\7017\hotspot\src\share\vm\runtime\sharedRuntime.cpp, line 605]
Event: 155.955 Thread 0x00000000216cc800 Exception <a 'java/lang/ArrayIndexOutOfBoundsException'> (0x000000076e2a8448) thrown at [C:\re\workspace\8-2-build-windows-amd64-cygwin\jdk8u91\7017\hotspot\src\share\vm\runtime\sharedRuntime.cpp, line 605]
Event: 155.960 Thread 0x000000002161c800 Exception <a 'java/io/IOException'> (0x000000076e00c4a8) thrown at [C:\re\workspace\8-2-build-windows-amd64-cygwin\jdk8u91\7017\hotspot\src\share\vm\prims\jni.cpp, line 709]
Event: 163.627 Thread 0x00000000213a2000 Exception <a 'java/io/IOException'> (0x000000076e3fe848) thrown at [C:\re\workspace\8-2-build-windows-amd64-cygwin\jdk8u91\7017\hotspot\src\share\vm\prims\jni.cpp, line 709]

Events (10 events):
Event: 192.221 Executing VM operation: RevokeBias
Event: 192.221 Executing VM operation: RevokeBias done
Event: 192.223 Executing VM operation: RevokeBias
Event: 192.223 Executing VM operation: RevokeBias done
Event: 192.241 Executing VM operation: RevokeBias
Event: 192.242 Executing VM operation: RevokeBias done
Event: 197.242 Executing VM operation: BulkRevokeBias
Event: 197.242 Executing VM operation: BulkRevokeBias done
Event: 260.364 Executing VM operation: RedefineClasses
Event: 260.401 Executing VM operation: RedefineClasses done


Dynamic libraries:
0x00007ff638000000 - 0x00007ff638037000 	C:\Program Files\Java\jre1.8.0_91\bin\javaw.exe
0x00007ffc1efc0000 - 0x00007ffc1f1a1000 	C:\WINDOWS\SYSTEM32\ntdll.dll
0x00007ffc1e830000 - 0x00007ffc1e8e2000 	C:\WINDOWS\System32\KERNEL32.DLL
0x00007ffc1ba40000 - 0x00007ffc1bcb3000 	C:\WINDOWS\System32\KERNELBASE.dll
0x00007ffc1caf0000 - 0x00007ffc1cb91000 	C:\WINDOWS\System32\ADVAPI32.dll
0x00007ffc1ca50000 - 0x00007ffc1caee000 	C:\WINDOWS\System32\msvcrt.dll
0x00007ffc1d140000 - 0x00007ffc1d19b000 	C:\WINDOWS\System32\sechost.dll
0x00007ffc1c790000 - 0x00007ffc1c8b4000 	C:\WINDOWS\System32\RPCRT4.dll
0x00007ffc1d1e0000 - 0x00007ffc1d370000 	C:\WINDOWS\System32\USER32.dll
0x00007ffc1bcc0000 - 0x00007ffc1bce0000 	C:\WINDOWS\System32\win32u.dll
0x00007ffc1cc40000 - 0x00007ffc1cc68000 	C:\WINDOWS\System32\GDI32.dll
0x00007ffc1b7b0000 - 0x00007ffc1b942000 	C:\WINDOWS\System32\gdi32full.dll
0x00007ffc1b950000 - 0x00007ffc1b9ef000 	C:\WINDOWS\System32\msvcp_win.dll
0x00007ffc1b390000 - 0x00007ffc1b48a000 	C:\WINDOWS\System32\ucrtbase.dll
0x00007ffc10a10000 - 0x00007ffc10c79000 	C:\WINDOWS\WinSxS\amd64_microsoft.windows.common-controls_6595b64144ccf1df_6.0.17134.285_none_fb4297e330656775\COMCTL32.dll
0x00007ffc1c460000 - 0x00007ffc1c783000 	C:\WINDOWS\System32\combase.dll
0x00007ffc1b680000 - 0x00007ffc1b6fa000 	C:\WINDOWS\System32\bcryptPrimitives.dll
0x00007ffc1d1b0000 - 0x00007ffc1d1dd000 	C:\WINDOWS\System32\IMM32.DLL
0x0000000052b10000 - 0x0000000052be2000 	C:\Program Files\Java\jre1.8.0_91\bin\msvcr100.dll
0x0000000051b10000 - 0x00000000523a3000 	C:\Program Files\Java\jre1.8.0_91\bin\server\jvm.dll
0x00007ffc1d1a0000 - 0x00007ffc1d1a8000 	C:\WINDOWS\System32\PSAPI.DLL
0x00007ffc0dc90000 - 0x00007ffc0dc99000 	C:\WINDOWS\SYSTEM32\WSOCK32.dll
0x00007ffc12d20000 - 0x00007ffc12d2a000 	C:\WINDOWS\SYSTEM32\VERSION.dll
0x00007ffc0efc0000 - 0x00007ffc0efe3000 	C:\WINDOWS\SYSTEM32\WINMM.dll
0x00007ffc1cf50000 - 0x00007ffc1cfbc000 	C:\WINDOWS\System32\WS2_32.dll
0x00007ffc0edb0000 - 0x00007ffc0edda000 	C:\WINDOWS\SYSTEM32\winmmbase.dll
0x00007ffc1b9f0000 - 0x00007ffc1ba39000 	C:\WINDOWS\System32\cfgmgr32.dll
0x0000000055210000 - 0x000000005521f000 	C:\Program Files\Java\jre1.8.0_91\bin\verify.dll
0x00000000551e0000 - 0x0000000055209000 	C:\Program Files\Java\jre1.8.0_91\bin\java.dll
0x00000000539b0000 - 0x00000000539e5000 	C:\Program Files\Java\jre1.8.0_91\bin\jdwp.dll
0x00000000539a0000 - 0x00000000539a8000 	C:\Program Files\Java\jre1.8.0_91\bin\npt.dll
0x00000000551c0000 - 0x00000000551d6000 	C:\Program Files\Java\jre1.8.0_91\bin\zip.dll
0x00007ffc1d370000 - 0x00007ffc1e7b0000 	C:\WINDOWS\System32\SHELL32.dll
0x00007ffc1eee0000 - 0x00007ffc1ef89000 	C:\WINDOWS\System32\shcore.dll
0x00007ffc1bce0000 - 0x00007ffc1c3ed000 	C:\WINDOWS\System32\windows.storage.dll
0x00007ffc1cc70000 - 0x00007ffc1ccc1000 	C:\WINDOWS\System32\shlwapi.dll
0x00007ffc1b370000 - 0x00007ffc1b381000 	C:\WINDOWS\System32\kernel.appcore.dll
0x00007ffc1b350000 - 0x00007ffc1b36f000 	C:\WINDOWS\System32\profapi.dll
0x00007ffc1b2f0000 - 0x00007ffc1b33c000 	C:\WINDOWS\System32\powrprof.dll
0x00007ffc1b340000 - 0x00007ffc1b34a000 	C:\WINDOWS\System32\FLTLIB.DLL
0x0000000053990000 - 0x0000000053999000 	C:\Program Files\Java\jre1.8.0_91\bin\dt_socket.dll
0x00007ffc0a010000 - 0x00007ffc0a026000 	C:\WINDOWS\system32\napinsp.dll
0x00007ffc09ff0000 - 0x00007ffc0a00a000 	C:\WINDOWS\system32\pnrpnsp.dll
0x00007ffc132b0000 - 0x00007ffc132c9000 	C:\WINDOWS\system32\NLAapi.dll
0x00007ffc1ab00000 - 0x00007ffc1ab66000 	C:\WINDOWS\System32\mswsock.dll
0x00007ffc1a8d0000 - 0x00007ffc1a98e000 	C:\WINDOWS\SYSTEM32\DNSAPI.dll
0x00007ffc1ca40000 - 0x00007ffc1ca48000 	C:\WINDOWS\System32\NSI.dll
0x00007ffc1a890000 - 0x00007ffc1a8c8000 	C:\WINDOWS\SYSTEM32\IPHLPAPI.DLL
0x00007ffc09fe0000 - 0x00007ffc09fee000 	C:\WINDOWS\System32\winrnr.dll
0x00007ffc14560000 - 0x00007ffc14575000 	C:\WINDOWS\System32\wshbth.dll
0x00007ffc110f0000 - 0x00007ffc11162000 	C:\WINDOWS\System32\fwpuclnt.dll
0x00007ffc1aff0000 - 0x00007ffc1b015000 	C:\WINDOWS\SYSTEM32\bcrypt.dll
0x00007ffc10600000 - 0x00007ffc1060a000 	C:\Windows\System32\rasadhlp.dll
0x0000000053980000 - 0x000000005398d000 	C:\Program Files\Java\jre1.8.0_91\bin\management.dll
0x00000000551a0000 - 0x00000000551ba000 	C:\Program Files\Java\jre1.8.0_91\bin\net.dll
0x0000000055180000 - 0x0000000055191000 	C:\Program Files\Java\jre1.8.0_91\bin\nio.dll
0x00007ffc1b030000 - 0x00007ffc1b047000 	C:\WINDOWS\SYSTEM32\CRYPTSP.dll
0x00007ffc1a6f0000 - 0x00007ffc1a723000 	C:\WINDOWS\system32\rsaenh.dll
0x00007ffc1b1d0000 - 0x00007ffc1b1f8000 	C:\WINDOWS\SYSTEM32\USERENV.dll
0x00007ffc1ac60000 - 0x00007ffc1ac6b000 	C:\WINDOWS\SYSTEM32\CRYPTBASE.dll
0x00007ffc12b00000 - 0x00007ffc12b16000 	C:\WINDOWS\SYSTEM32\dhcpcsvc6.DLL
0x00007ffc12790000 - 0x00007ffc127aa000 	C:\WINDOWS\SYSTEM32\dhcpcsvc.DLL
0x0000000054b50000 - 0x0000000054b74000 	C:\Program Files\Java\jre1.8.0_91\bin\sunec.dll
0x00007ffc18580000 - 0x00007ffc18749000 	C:\WINDOWS\SYSTEM32\dbghelp.dll

VM Arguments:
jvm_args: -agentlib:jdwp=transport=dt_socket,suspend=y,address=localhost:60945 -Dcom.sun.management.jmxremote -Dcom.sun.management.jmxremote.port=60944 -Dcom.sun.management.jmxremote.authenticate=false -Dcom.sun.management.jmxremote.ssl=false -Djava.rmi.server.hostname=localhost -Dspring.liveBeansView.mbeanDomain -Dspring.application.admin.enabled=true -Dreactor.netty.http.server.accessLogEnabled=true -Xverify:none -XX:TieredStopAtLevel=1 -Dfile.encoding=UTF-8 
java_command: naf.cloud.gateway.NafGatewayApplication --spring.profiles.active=dev --spring.output.ansi.enabled=always
java_class_path (initial): D:\home\jilinjobs\naf\java\naf-gateway\target\classes;C:\Users\DYG\.m2\repository\org\springframework\cloud\spring-cloud-starter-gateway\2.0.1.RELEASE\spring-cloud-starter-gateway-2.0.1.RELEASE.jar;C:\Users\DYG\.m2\repository\org\springframework\cloud\spring-cloud-starter\2.0.1.RELEASE\spring-cloud-starter-2.0.1.RELEASE.jar;C:\Users\DYG\.m2\repository\org\springframework\boot\spring-boot-starter\2.0.5.RELEASE\spring-boot-starter-2.0.5.RELEASE.jar;C:\Users\DYG\.m2\repository\org\springframework\boot\spring-boot\2.0.5.RELEASE\spring-boot-2.0.5.RELEASE.jar;C:\Users\DYG\.m2\repository\org\springframework\spring-context\5.0.9.RELEASE\spring-context-5.0.9.RELEASE.jar;C:\Users\DYG\.m2\repository\org\springframework\spring-aop\5.0.9.RELEASE\spring-aop-5.0.9.RELEASE.jar;C:\Users\DYG\.m2\repository\org\springframework\spring-expression\5.0.9.RELEASE\spring-expression-5.0.9.RELEASE.jar;C:\Users\DYG\.m2\repository\org\springframework\boot\spring-boot-autoconfigure\2.0.5.RELEASE\spring-boot-autoconfigure-2.0.5.RELEASE.jar;C:\Users\DYG\.m2\repository\org\springframework\boot\spring-boot-starter-logging\2.0.5.RELEASE\spring-boot-starter-logging-2.0.5.RELEASE.jar;C:\Users\DYG\.m2\repository\ch\qos\logback\logback-classic\1.2.3\logback-classic-1.2.3.jar;C:\Users\DYG\.m2\repository\ch\qos\logback\logback-core\1.2.3\logback-core-1.2.3.jar;C:\Users\DYG\.m2\repository\org\apache\logging\log4j\log4j-to-slf4j\2.10.0\log4j-to-slf4j-2.10.0.jar;C:\Users\DYG\.m2\repository\org\apache\logging\log4j\log4j-api\2.10.0\log4j-api-2.10.0.jar;C:\Users\DYG\.m2\repository\org\slf4j\jul-to-slf4j\1.7.25\jul-to-slf4j-1.7.25.jar;C:\Users\DYG\.m2\repository\javax\annotation\javax.annotation-api\1.3.2\javax.annotation-api-1.3.2.jar;C:\Users\DYG\.m2\repository\org\springframework\spring-core\5.0.9.RELEASE\spring-core-5.0.9.RELEASE.jar;C:\Users\DYG\.m2\repository\org\springframework\spring-jcl\5.0.9.RELEASE\spring-jcl-5.0.9.RELEASE.jar;C:\Users\DYG\.m2\repository\org\yaml\snakeyaml
Launcher Type: SUN_STANDARD

Environment Variables:
JAVA_HOME=C:\Program Files\Java\jdk1.8.0_91
USERNAME=DYG
OS=Windows_NT
PROCESSOR_IDENTIFIER=Intel64 Family 6 Model 60 Stepping 3, GenuineIntel



---------------  S Y S T E M  ---------------

OS: Windows 10.0 , 64 bit Build 17134 (10.0.17134.1)

CPU:total 8 (4 cores per cpu, 2 threads per core) family 6 model 60 stepping 3, cmov, cx8, fxsr, mmx, sse, sse2, sse3, ssse3, sse4.1, sse4.2, popcnt, avx, avx2, aes, clmul, erms, lzcnt, ht, tsc, tscinvbit, bmi1, bmi2

Memory: 4k page, physical 16393444k(5102460k free), swap 33170660k(15235216k free)

vm_info: Java HotSpot(TM) 64-Bit Server VM (25.91-b15) for windows-amd64 JRE (1.8.0_91-b15), built on May 20 2016 17:43:15 by "java_re" with MS VC++ 10.0 (VS2010)

time: Thu Sep 27 17:22:41 2018
elapsed time: 260 seconds (0d 0h 4m 20s)

